2026-01-28 16:55:25,412 - INFO - System started - FPS: 30.0
2026-01-28 16:55:30,685 - INFO - Calibration complete - EAR enter: 0.333, EAR exit: 0.351, MAR: 0.164
2026-01-28 16:55:30,703 - INFO - State: awake -> drowsy (dwell: 5.3s, PERCLOS: 0.00, signals: 2)
2026-01-28 16:55:30,704 - WARNING - DROWSY alert triggered
2026-01-28 16:55:32,718 - WARNING - DROWSY alert triggered
2026-01-28 16:55:34,722 - WARNING - DROWSY alert triggered
2026-01-28 16:55:36,768 - WARNING - DROWSY alert triggered
2026-01-28 16:55:38,784 - WARNING - DROWSY alert triggered
2026-01-28 16:55:40,791 - WARNING - DROWSY alert triggered
2026-01-28 16:55:41,983 - INFO - State: drowsy -> asleep (dwell: 11.3s, PERCLOS: 0.31, signals: 3)
2026-01-28 16:55:43,114 - CRITICAL - ASLEEP alert triggered!
2026-01-28 16:55:45,145 - CRITICAL - ASLEEP alert triggered!
2026-01-28 16:55:47,146 - CRITICAL - ASLEEP alert triggered!
2026-01-28 16:55:49,147 - CRITICAL - ASLEEP alert triggered!
2026-01-28 16:55:51,154 - CRITICAL - ASLEEP alert triggered!
2026-01-28 16:55:53,164 - CRITICAL - ASLEEP alert triggered!
2026-01-28 16:55:55,186 - CRITICAL - ASLEEP alert triggered!
2026-01-28 16:55:57,234 - CRITICAL - ASLEEP alert triggered!
2026-01-28 16:55:59,254 - CRITICAL - ASLEEP alert triggered!
2026-01-28 16:56:01,305 - CRITICAL - ASLEEP alert triggered!
2026-01-28 16:56:03,306 - CRITICAL - ASLEEP alert triggered!
2026-01-28 16:56:05,311 - CRITICAL - ASLEEP alert triggered!
2026-01-28 16:56:19,304 - INFO - System started - FPS: 30.0
2026-01-28 16:56:24,570 - INFO - Calibration complete - EAR enter: 0.397, EAR exit: 0.415, MAR: 0.121
2026-01-28 16:56:24,583 - INFO - State: awake -> drowsy (dwell: 5.3s, PERCLOS: 0.00, signals: 2)
2026-01-28 16:56:24,583 - WARNING - DROWSY alert triggered
2026-01-28 16:56:26,588 - WARNING - DROWSY alert triggered
2026-01-28 16:56:28,440 - INFO - State: drowsy -> asleep (dwell: 3.9s, PERCLOS: 0.52, signals: 3)
2026-01-28 16:56:28,915 - CRITICAL - ASLEEP alert triggered!
2026-01-28 16:56:30,929 - CRITICAL - ASLEEP alert triggered!
2026-01-28 16:56:32,954 - CRITICAL - ASLEEP alert triggered!
2026-01-28 16:56:34,958 - CRITICAL - ASLEEP alert triggered!
2026-01-28 16:56:36,975 - CRITICAL - ASLEEP alert triggered!
2026-01-28 16:56:38,987 - CRITICAL - ASLEEP alert triggered!
2026-01-28 16:56:41,036 - CRITICAL - ASLEEP alert triggered!
2026-01-28 16:56:43,057 - CRITICAL - ASLEEP alert triggered!
2026-01-28 16:56:45,116 - CRITICAL - ASLEEP alert triggered!
2026-01-28 16:56:47,118 - CRITICAL - ASLEEP alert triggered!
2026-01-28 16:56:49,145 - CRITICAL - ASLEEP alert triggered!
2026-01-28 16:56:51,175 - CRITICAL - ASLEEP alert triggered!
2026-01-28 16:56:53,183 - CRITICAL - ASLEEP alert triggered!
2026-01-28 16:56:55,197 - CRITICAL - ASLEEP alert triggered!
2026-01-28 16:58:49,151 - INFO - System started - FPS: 30.0
2026-01-28 16:58:54,444 - INFO - Calibration complete - EAR enter: 0.313, EAR exit: 0.332, MAR: 0.123
2026-01-28 16:58:54,464 - INFO - State: awake -> drowsy (dwell: 5.3s, PERCLOS: 0.00, signals: 2)
2026-01-28 16:58:54,465 - WARNING - DROWSY alert triggered
2026-01-28 16:58:56,482 - WARNING - DROWSY alert triggered
2026-01-28 16:58:58,521 - WARNING - DROWSY alert triggered
2026-01-28 16:59:00,523 - WARNING - DROWSY alert triggered
2026-01-28 16:59:02,538 - WARNING - DROWSY alert triggered
2026-01-28 16:59:04,543 - WARNING - DROWSY alert triggered
2026-01-28 16:59:06,083 - INFO - State: drowsy -> asleep (dwell: 11.6s, PERCLOS: 0.17, signals: 2)
2026-01-28 16:59:06,857 - CRITICAL - ASLEEP alert triggered!
2026-01-28 16:59:08,869 - CRITICAL - ASLEEP alert triggered!
2026-01-28 16:59:10,901 - CRITICAL - ASLEEP alert triggered!
2026-01-28 16:59:12,904 - CRITICAL - ASLEEP alert triggered!
2026-01-28 16:59:14,920 - CRITICAL - ASLEEP alert triggered!
2026-01-28 16:59:16,935 - CRITICAL - ASLEEP alert triggered!
2026-01-28 16:59:18,947 - CRITICAL - ASLEEP alert triggered!
2026-01-28 16:59:20,982 - CRITICAL - ASLEEP alert triggered!
2026-01-28 16:59:23,051 - CRITICAL - ASLEEP alert triggered!
2026-01-28 16:59:25,321 - CRITICAL - ASLEEP alert triggered!
2026-01-28 16:59:27,870 - CRITICAL - ASLEEP alert triggered!
2026-01-28 16:59:29,881 - CRITICAL - ASLEEP alert triggered!
2026-01-28 16:59:31,882 - CRITICAL - ASLEEP alert triggered!
2026-01-28 16:59:33,944 - CRITICAL - ASLEEP alert triggered!
2026-01-28 16:59:35,970 - CRITICAL - ASLEEP alert triggered!
2026-01-28 16:59:38,011 - CRITICAL - ASLEEP alert triggered!
2026-01-28 16:59:40,030 - CRITICAL - ASLEEP alert triggered!
